#
# There is insufficient memory for the Java Runtime Environment to continue.
# Native memory allocation (malloc) failed to allocate 32744 bytes for ChunkPool::allocate
# Possible reasons:
#   The system is out of physical RAM or swap space
#   The process is running with CompressedOops enabled, and the Java Heap may be blocking the growth of the native heap
# Possible solutions:
#   Reduce memory load on the system
#   Increase physical memory or swap space
#   Check if swap backing store is full
#   Decrease Java heap size (-Xmx/-Xms)
#   Decrease number of Java threads
#   Decrease Java thread stack sizes (-Xss)
#   Set larger code cache with -XX:ReservedCodeCacheSize=
#   JVM is running with Unscaled Compressed Oops mode in which the Java heap is
#     placed in the first 4GB address space. The Java Heap base address is the
#     maximum limit for the native heap growth. Please use -XX:HeapBaseMinAddress
#     to set the Java Heap base and to place the Java Heap above 4GB virtual address.
# This output file may be truncated or incomplete.
#
#  Out of Memory Error (allocation.cpp:272), pid=16144, tid=0x0000000000002278
#
# JRE version: OpenJDK Runtime Environment (8.0_202-b03) (build 1.8.0_202-release-1483-b03)
# Java VM: OpenJDK 64-Bit Server VM (25.202-b03 mixed mode windows-amd64 compressed oops)
# Failed to write core dump. Minidumps are not enabled by default on client versions of Windows
#

---------------  T H R E A D  ---------------

Current thread (0x00000000165b2800):  JavaThread "C2 CompilerThread1" daemon [_thread_in_native, id=8824, stack(0x0000000017d30000,0x0000000017e30000)]

Stack: [0x0000000017d30000,0x0000000017e30000]
[error occurred during error reporting (printing stack bounds), id 0xc0000005]

Native frames: (J=compiled Java code, j=interpreted, Vv=VM code, C=native code)


Current CompileTask:
C2:2527573 12800       4       com.android.tools.r8.code.BaseInstructionFactory::create (3362 bytes)


---------------  P R O C E S S  ---------------

Java Threads: ( => current thread )
  0x000000001d1cb800 JavaThread "ForkJoinPool-1-worker-0" daemon [_thread_blocked, id=17124, stack(0x0000000027530000,0x0000000027630000)]
  0x000000001d1c9800 JavaThread "ForkJoinPool-1-worker-3" daemon [_thread_blocked, id=68, stack(0x0000000027430000,0x0000000027530000)]
  0x000000001d1c8800 JavaThread "ForkJoinPool-1-worker-2" daemon [_thread_in_vm, id=12872, stack(0x0000000027330000,0x0000000027430000)]
  0x000000001d1c7000 JavaThread "ForkJoinPool-1-worker-1" daemon [_thread_blocked, id=17936, stack(0x0000000026f50000,0x0000000027050000)]
  0x000000001d1c8000 JavaThread "ForkJoinPool.commonPool-worker-1" daemon [_thread_blocked, id=15588, stack(0x0000000026e50000,0x0000000026f50000)]
  0x000000001d1c3800 JavaThread "Cache worker for Java compile cache (E:\DiDong\MultiMedia\.gradle\5.1.1\javaCompile)" [_thread_blocked, id=18104, stack(0x0000000026c50000,0x0000000026d50000)]
  0x000000001d1bf000 JavaThread "Cache worker for Java compile cache (C:\Users\Meliodas\.gradle\caches\5.1.1\javaCompile)" [_thread_blocked, id=10436, stack(0x0000000026b50000,0x0000000026c50000)]
  0x000000001d1c6800 JavaThread "stdout" daemon [_thread_in_native, id=7440, stack(0x0000000026a50000,0x0000000026b50000)]
  0x000000001d1c2800 JavaThread "stderr" daemon [_thread_in_native, id=15264, stack(0x0000000026950000,0x0000000026a50000)]
  0x000000001d1c1000 JavaThread "stdout" daemon [_thread_in_native, id=10108, stack(0x0000000026850000,0x0000000026950000)]
  0x000000001d1c5800 JavaThread "stderr" daemon [_thread_in_native, id=11332, stack(0x0000000026750000,0x0000000026850000)]
  0x000000001d1c4000 JavaThread "stdout" daemon [_thread_in_native, id=17488, stack(0x0000000026650000,0x0000000026750000)]
  0x000000001d1be000 JavaThread "stderr" daemon [_thread_in_native, id=15276, stack(0x0000000026550000,0x0000000026650000)]
  0x000000001d1c2000 JavaThread "pool-3-thread-1" [_thread_blocked, id=8336, stack(0x0000000026450000,0x0000000026550000)]
  0x000000001926c000 JavaThread "Cache worker for execution history cache (E:\DiDong\MultiMedia\.gradle\5.1.1\executionHistory)" [_thread_blocked, id=10752, stack(0x0000000026050000,0x0000000026150000)]
  0x0000000019267800 JavaThread "Execution worker for ':' Thread 3" [_thread_blocked, id=15208, stack(0x0000000025f50000,0x0000000026050000)]
  0x000000001926b000 JavaThread "Execution worker for ':' Thread 2" [_thread_blocked, id=14864, stack(0x0000000025e50000,0x0000000025f50000)]
  0x000000001c46f000 JavaThread "Execution worker for ':'" [_thread_blocked, id=14888, stack(0x0000000025d50000,0x0000000025e50000)]
  0x000000001c470800 JavaThread "Cache worker for file content cache (E:\DiDong\MultiMedia\.gradle\5.1.1\fileContent)" [_thread_blocked, id=5616, stack(0x0000000025c50000,0x0000000025d50000)]
  0x000000001c46d800 JavaThread "Cache worker for file content cache (C:\Users\Meliodas\.gradle\caches\5.1.1\fileContent)" [_thread_blocked, id=3932, stack(0x0000000025b50000,0x0000000025c50000)]
  0x000000001c46c800 JavaThread "Cache worker for Build Output Cleanup Cache (E:\DiDong\MultiMedia\.gradle\buildOutputCleanup)" [_thread_blocked, id=16340, stack(0x0000000025a50000,0x0000000025b50000)]
  0x000000001c46f800 JavaThread "Build operations Thread 4" [_thread_blocked, id=15604, stack(0x0000000025950000,0x0000000025a50000)]
  0x000000001c46e000 JavaThread "Build operations Thread 3" [_thread_blocked, id=15772, stack(0x0000000025850000,0x0000000025950000)]
  0x000000001c46c000 JavaThread "Build operations Thread 2" [_thread_blocked, id=17860, stack(0x0000000025750000,0x0000000025850000)]
  0x000000001c464800 JavaThread "Build operations" [_thread_blocked, id=13500, stack(0x0000000025650000,0x0000000025750000)]
  0x000000001c46b000 JavaThread "Cache worker for cache directory md-rule (C:\Users\Meliodas\.gradle\caches\5.1.1\md-rule)" [_thread_blocked, id=2116, stack(0x0000000025550000,0x0000000025650000)]
  0x000000001c46a800 JavaThread "Cache worker for cache directory md-supplier (C:\Users\Meliodas\.gradle\caches\5.1.1\md-supplier)" [_thread_blocked, id=17788, stack(0x0000000025450000,0x0000000025550000)]
  0x000000001c462800 JavaThread "Cache worker for file hash cache (E:\DiDong\MultiMedia\.gradle\5.1.1\fileHashes)" [_thread_blocked, id=13132, stack(0x0000000025350000,0x0000000025450000)]
  0x000000001c469800 JavaThread "Thread-31" [_thread_blocked, id=16636, stack(0x0000000025250000,0x0000000025350000)]
  0x000000001c468000 JavaThread "Asynchronous log dispatcher for DefaultDaemonConnection: socket connection from /127.0.0.1:54195 to /127.0.0.1:54550" [_thread_blocked, id=2464, stack(0x0000000025050000,0x0000000025150000)]
  0x000000001c463800 JavaThread "Daemon worker Thread 2" [_thread_blocked, id=7760, stack(0x0000000024f50000,0x0000000025050000)]
  0x000000001c467800 JavaThread "Cancel handler" [_thread_blocked, id=17664, stack(0x0000000024e50000,0x0000000024f50000)]
  0x000000001c466800 JavaThread "Handler for socket connection from /127.0.0.1:54195 to /127.0.0.1:54550" [_thread_in_native, id=9016, stack(0x0000000024d50000,0x0000000024e50000)]
  0x000000001c462000 JavaThread "Daemon Thread 2" [_thread_blocked, id=2560, stack(0x0000000023c80000,0x0000000023d80000)]
  0x000000001c465000 JavaThread "Memory manager" [_thread_blocked, id=9908, stack(0x0000000023280000,0x0000000023380000)]
  0x0000000019269000 JavaThread "Cache worker for execution history cache (C:\Users\Meliodas\.gradle\caches\5.1.1\executionHistory)" [_thread_blocked, id=12100, stack(0x0000000020200000,0x0000000020300000)]
  0x000000001926a800 JavaThread "Cache worker for journal cache (C:\Users\Meliodas\.gradle\caches\journal-1)" [_thread_blocked, id=5568, stack(0x000000001c0a0000,0x000000001c1a0000)]
  0x000000001a0d7800 JavaThread "File lock request listener" [_thread_in_native, id=172, stack(0x000000001bfa0000,0x000000001c0a0000)]
  0x000000001812f000 JavaThread "Cache worker for file hash cache (C:\Users\Meliodas\.gradle\caches\5.1.1\fileHashes)" [_thread_blocked, id=6124, stack(0x000000001bea0000,0x000000001bfa0000)]
  0x00000000189c0800 JavaThread "Daemon periodic checks" [_thread_blocked, id=10612, stack(0x000000001b4a0000,0x000000001b5a0000)]
  0x0000000017f77800 JavaThread "Incoming local TCP Connector on port 54195" [_thread_in_native, id=13820, stack(0x0000000019d20000,0x0000000019e20000)]
  0x0000000017f58800 JavaThread "Service Thread" daemon [_thread_blocked, id=10392, stack(0x0000000018330000,0x0000000018430000)]
  0x00000000165c0000 JavaThread "C1 CompilerThread2" daemon [_thread_in_native, id=12040, stack(0x0000000017e30000,0x0000000017f30000)]
=>0x00000000165b2800 JavaThread "C2 CompilerThread1" daemon [_thread_in_native, id=8824, stack(0x0000000017d30000,0x0000000017e30000)]
  0x00000000165ae800 JavaThread "C2 CompilerThread0" daemon [_thread_in_native, id=4088, stack(0x0000000017c30000,0x0000000017d30000)]
  0x00000000165ad000 JavaThread "Attach Listener" daemon [_thread_blocked, id=14536, stack(0x0000000017b30000,0x0000000017c30000)]
  0x00000000165aa000 JavaThread "Signal Dispatcher" daemon [_thread_blocked, id=18416, stack(0x0000000017a30000,0x0000000017b30000)]
  0x0000000002c3c000 JavaThread "Finalizer" daemon [_thread_blocked, id=11572, stack(0x0000000017830000,0x0000000017930000)]
  0x0000000016599000 JavaThread "Reference Handler" daemon [_thread_blocked, id=2268, stack(0x0000000017730000,0x0000000017830000)]
  0x0000000002b3e800 JavaThread "main" [_thread_blocked, id=14276, stack(0x00000000029f0000,0x0000000002af0000)]

Other Threads:
  0x0000000016576000 VMThread [stack: 0x0000000017630000,0x0000000017730000] [id=17036]
  0x000000001660d800 WatcherThread [stack: 0x0000000018430000,0x0000000018530000] [id=1196]

VM state:not at safepoint (normal execution)

VM Mutex/Monitor currently owned by a thread: None

heap address: 0x00000000a0000000, size: 1536 MB, Compressed Oops mode: 32-bit
Narrow klass base: 0x0000000000000000, Narrow klass shift: 3
Compressed class space size: 1073741824 Address: 0x0000000100000000

Heap:
 PSYoungGen      total 124928K, used 62859K [0x00000000e0000000, 0x00000000e9900000, 0x0000000100000000)
  eden space 105984K, 41% used [0x00000000e0000000,0x00000000e2aea570,0x00000000e6780000)
  from space 18944K, 99% used [0x00000000e7f00000,0x00000000e9178750,0x00000000e9180000)
  to   space 24064K, 0% used [0x00000000e6780000,0x00000000e6780000,0x00000000e7f00000)
 ParOldGen       total 130048K, used 40493K [0x00000000a0000000, 0x00000000a7f00000, 0x00000000e0000000)
  object space 130048K, 31% used [0x00000000a0000000,0x00000000a278b5c0,0x00000000a7f00000)
 Metaspace       used 82039K, capacity 84970K, committed 85208K, reserved 1124352K
  class space    used 10584K, capacity 11196K, committed 11264K, reserved 1048576K

Card table byte_map: [0x0000000012000000,0x0000000012310000] byte_map_base: 0x0000000011b00000

Marking Bits: (ParMarkBitMap*) 0x00000000693a9f30
 Begin Bits: [0x0000000012910000, 0x0000000014110000)
 End Bits:   [0x0000000014110000, 0x0000000015910000)

Polling page: 0x0000000000dd0000

CodeCache: size=245760Kb used=34532Kb max_used=34918Kb free=211227Kb
 bounds [0x0000000002c40000, 0x0000000004eb0000, 0x0000000011c40000]
 total_blobs=11993 nmethods=11134 adapters=771
 compilation: enabled

Compilation events (10 events):
Event: 2527.556 Thread 0x00000000165c0000 nmethod 12912 0x000000000477e590 code [0x000000000477e6e0, 0x000000000477e890]
Event: 2527.556 Thread 0x00000000165c0000 12913       2       com.android.tools.r8.code.MoveWide::<init> (7 bytes)
Event: 2527.556 Thread 0x00000000165c0000 nmethod 12913 0x000000000483fb10 code [0x000000000483fc60, 0x000000000483fe10]
Event: 2527.556 Thread 0x00000000165c0000 12914       2       com.android.tools.r8.code.AndIntLit8::<init> (7 bytes)
Event: 2527.557 Thread 0x00000000165c0000 nmethod 12914 0x000000000483f4d0 code [0x000000000483f640, 0x000000000483f8d8]
Event: 2527.559 Thread 0x00000000165c0000 12916       2       com.android.tools.r8.code.MonitorEnter::<init> (7 bytes)
Event: 2527.560 Thread 0x00000000165c0000 nmethod 12916 0x000000000483f090 code [0x000000000483f1e0, 0x000000000483f370]
Event: 2527.561 Thread 0x00000000165c0000 12917       2       com.android.tools.r8.dex.BinaryReader::getInt (8 bytes)
Event: 2527.561 Thread 0x00000000165c0000 nmethod 12917 0x000000000483ed10 code [0x000000000483ee80, 0x000000000483f008]
Event: 2527.561 Thread 0x00000000165c0000 12918       2       com.android.tools.r8.dex.DexParser::addClassDefsTo (641 bytes)

GC Heap History (10 events):
Event: 24.757 GC heap before
{Heap before GC invocations=17 (full 3):
 PSYoungGen      total 133632K, used 12478K [0x00000000e0000000, 0x00000000ea580000, 0x0000000100000000)
  eden space 120320K, 0% used [0x00000000e0000000,0x00000000e0000000,0x00000000e7580000)
  from space 13312K, 93% used [0x00000000e8400000,0x00000000e902fbc8,0x00000000e9100000)
  to   space 14848K, 0% used [0x00000000e7580000,0x00000000e7580000,0x00000000e8400000)
 ParOldGen       total 87552K, used 21569K [0x00000000a0000000, 0x00000000a5580000, 0x00000000e0000000)
  object space 87552K, 24% used [0x00000000a0000000,0x00000000a1510588,0x00000000a5580000)
 Metaspace       used 57566K, capacity 58962K, committed 59028K, reserved 1099776K
  class space    used 7771K, capacity 8152K, committed 8192K, reserved 1048576K
Event: 24.974 GC heap after
Heap after GC invocations=17 (full 3):
 PSYoungGen      total 133632K, used 0K [0x00000000e0000000, 0x00000000ea580000, 0x0000000100000000)
  eden space 120320K, 0% used [0x00000000e0000000,0x00000000e0000000,0x00000000e7580000)
  from space 13312K, 0% used [0x00000000e8400000,0x00000000e8400000,0x00000000e9100000)
  to   space 14848K, 0% used [0x00000000e7580000,0x00000000e7580000,0x00000000e8400000)
 ParOldGen       total 130048K, used 31192K [0x00000000a0000000, 0x00000000a7f00000, 0x00000000e0000000)
  object space 130048K, 23% used [0x00000000a0000000,0x00000000a1e76398,0x00000000a7f00000)
 Metaspace       used 57566K, capacity 58962K, committed 59028K, reserved 1099776K
  class space    used 7771K, capacity 8152K, committed 8192K, reserved 1048576K
}
Event: 2450.514 GC heap before
{Heap before GC invocations=18 (full 3):
 PSYoungGen      total 133632K, used 120320K [0x00000000e0000000, 0x00000000ea580000, 0x0000000100000000)
  eden space 120320K, 100% used [0x00000000e0000000,0x00000000e7580000,0x00000000e7580000)
  from space 13312K, 0% used [0x00000000e8400000,0x00000000e8400000,0x00000000e9100000)
  to   space 14848K, 0% used [0x00000000e7580000,0x00000000e7580000,0x00000000e8400000)
 ParOldGen       total 130048K, used 31192K [0x00000000a0000000, 0x00000000a7f00000, 0x00000000e0000000)
  object space 130048K, 23% used [0x00000000a0000000,0x00000000a1e76398,0x00000000a7f00000)
 Metaspace       used 63148K, capacity 64842K, committed 65112K, reserved 1105920K
  class space    used 8267K, capacity 8728K, committed 8832K, reserved 1048576K
Event: 2450.609 GC heap after
Heap after GC invocations=18 (full 3):
 PSYoungGen      total 126976K, used 9390K [0x00000000e0000000, 0x00000000e8f80000, 0x0000000100000000)
  eden space 117248K, 0% used [0x00000000e0000000,0x00000000e0000000,0x00000000e7280000)
  from space 9728K, 96% used [0x00000000e7580000,0x00000000e7eab848,0x00000000e7f00000)
  to   space 14848K, 0% used [0x00000000e8100000,0x00000000e8100000,0x00000000e8f80000)
 ParOldGen       total 130048K, used 31200K [0x00000000a0000000, 0x00000000a7f00000, 0x00000000e0000000)
  object space 130048K, 23% used [0x00000000a0000000,0x00000000a1e78398,0x00000000a7f00000)
 Metaspace       used 63148K, capacity 64842K, committed 65112K, reserved 1105920K
  class space    used 8267K, capacity 8728K, committed 8832K, reserved 1048576K
}
Event: 2481.554 GC heap before
{Heap before GC invocations=19 (full 3):
 PSYoungGen      total 126976K, used 126638K [0x00000000e0000000, 0x00000000e8f80000, 0x0000000100000000)
  eden space 117248K, 100% used [0x00000000e0000000,0x00000000e7280000,0x00000000e7280000)
  from space 9728K, 96% used [0x00000000e7580000,0x00000000e7eab848,0x00000000e7f00000)
  to   space 14848K, 0% used [0x00000000e8100000,0x00000000e8100000,0x00000000e8f80000)
 ParOldGen       total 130048K, used 31200K [0x00000000a0000000, 0x00000000a7f00000, 0x00000000e0000000)
  object space 130048K, 23% used [0x00000000a0000000,0x00000000a1e78398,0x00000000a7f00000)
 Metaspace       used 66219K, capacity 68034K, committed 68184K, reserved 1107968K
  class space    used 8630K, capacity 9076K, committed 9088K, reserved 1048576K
Event: 2481.595 GC heap after
Heap after GC invocations=19 (full 3):
 PSYoungGen      total 128000K, used 12757K [0x00000000e0000000, 0x00000000e8e80000, 0x0000000100000000)
  eden space 114176K, 0% used [0x00000000e0000000,0x00000000e0000000,0x00000000e6f80000)
  from space 13824K, 92% used [0x00000000e8100000,0x00000000e8d75690,0x00000000e8e80000)
  to   space 15872K, 0% used [0x00000000e6f80000,0x00000000e6f80000,0x00000000e7f00000)
 ParOldGen       total 130048K, used 31208K [0x00000000a0000000, 0x00000000a7f00000, 0x00000000e0000000)
  object space 130048K, 23% used [0x00000000a0000000,0x00000000a1e7a398,0x00000000a7f00000)
 Metaspace       used 66219K, capacity 68034K, committed 68184K, reserved 1107968K
  class space    used 8630K, capacity 9076K, committed 9088K, reserved 1048576K
}
Event: 2504.736 GC heap before
{Heap before GC invocations=20 (full 3):
 PSYoungGen      total 128000K, used 126933K [0x00000000e0000000, 0x00000000e8e80000, 0x0000000100000000)
  eden space 114176K, 100% used [0x00000000e0000000,0x00000000e6f80000,0x00000000e6f80000)
  from space 13824K, 92% used [0x00000000e8100000,0x00000000e8d75690,0x00000000e8e80000)
  to   space 15872K, 0% used [0x00000000e6f80000,0x00000000e6f80000,0x00000000e7f00000)
 ParOldGen       total 130048K, used 31208K [0x00000000a0000000, 0x00000000a7f00000, 0x00000000e0000000)
  object space 130048K, 23% used [0x00000000a0000000,0x00000000a1e7a398,0x00000000a7f00000)
 Metaspace       used 72528K, capacity 74416K, committed 74584K, reserved 1114112K
  class space    used 9313K, capacity 9753K, committed 9856K, reserved 1048576K
Event: 2504.761 GC heap after
Heap after GC invocations=20 (full 3):
 PSYoungGen      total 126976K, used 15846K [0x00000000e0000000, 0x00000000e9180000, 0x0000000100000000)
  eden space 111104K, 0% used [0x00000000e0000000,0x00000000e0000000,0x00000000e6c80000)
  from space 15872K, 99% used [0x00000000e6f80000,0x00000000e7ef9a00,0x00000000e7f00000)
  to   space 18944K, 0% used [0x00000000e7f00000,0x00000000e7f00000,0x00000000e9180000)
 ParOldGen       total 130048K, used 33042K [0x00000000a0000000, 0x00000000a7f00000, 0x00000000e0000000)
  object space 130048K, 25% used [0x00000000a0000000,0x00000000a2044820,0x00000000a7f00000)
 Metaspace       used 72528K, capacity 74416K, committed 74584K, reserved 1114112K
  class space    used 9313K, capacity 9753K, committed 9856K, reserved 1048576K
}
Event: 2527.112 GC heap before
{Heap before GC invocations=21 (full 3):
 PSYoungGen      total 126976K, used 124586K [0x00000000e0000000, 0x00000000e9180000, 0x0000000100000000)
  eden space 111104K, 97% used [0x00000000e0000000,0x00000000e6a311f0,0x00000000e6c80000)
  from space 15872K, 99% used [0x00000000e6f80000,0x00000000e7ef9a00,0x00000000e7f00000)
  to   space 18944K, 0% used [0x00000000e7f00000,0x00000000e7f00000,0x00000000e9180000)
 ParOldGen       total 130048K, used 33042K [0x00000000a0000000, 0x00000000a7f00000, 0x00000000e0000000)
  object space 130048K, 25% used [0x00000000a0000000,0x00000000a2044820,0x00000000a7f00000)
 Metaspace       used 81325K, capacity 84192K, committed 84312K, reserved 1122304K
  class space    used 10467K, capacity 11041K, committed 11136K, reserved 1048576K
Event: 2527.136 GC heap after
Heap after GC invocations=21 (full 3):
 PSYoungGen      total 124928K, used 18913K [0x00000000e0000000, 0x00000000e9900000, 0x0000000100000000)
  eden space 105984K, 0% used [0x00000000e0000000,0x00000000e0000000,0x00000000e6780000)
  from space 18944K, 99% used [0x00000000e7f00000,0x00000000e9178750,0x00000000e9180000)
  to   space 24064K, 0% used [0x00000000e6780000,0x00000000e6780000,0x00000000e7f00000)
 ParOldGen       total 130048K, used 40493K [0x00000000a0000000, 0x00000000a7f00000, 0x00000000e0000000)
  object space 130048K, 31% used [0x00000000a0000000,0x00000000a278b5c0,0x00000000a7f00000)
 Metaspace       used 81325K, capacity 84192K, committed 84312K, reserved 1122304K
  class space    used 10467K, capacity 11041K, committed 11136K, reserved 1048576K
}

Deoptimization events (10 events):
Event: 2520.904 Thread 0x000000001d1c7000 Uncommon trap: reason=class_check action=maybe_recompile pc=0x0000000004558cc0 method=java.util.Spliterators$1Adapter.hasNext()Z @ 12
Event: 2520.921 Thread 0x000000001d1c7000 Uncommon trap: reason=class_check action=maybe_recompile pc=0x0000000004558cc0 method=java.util.Spliterators$1Adapter.hasNext()Z @ 12
Event: 2527.106 Thread 0x000000001d1c7000 Uncommon trap: reason=unstable_if action=reinterpret pc=0x00000000040f1b94 method=java.nio.Bits.getShort(Ljava/nio/ByteBuffer;IZ)S @ 1
Event: 2527.164 Thread 0x000000001d1c7000 Uncommon trap: reason=unstable_if action=reinterpret pc=0x00000000046e81e4 method=com.android.tools.r8.utils.LebUtils.parseUleb128(Lcom/android/tools/r8/dex/BinaryReader;)I @ 27
Event: 2527.369 Thread 0x000000001d1c8800 Uncommon trap: reason=unstable_if action=reinterpret pc=0x0000000002e5dd70 method=java.util.Arrays.hashCode([Ljava/lang/Object;)I @ 1
Event: 2527.369 Thread 0x000000001d1cb800 Uncommon trap: reason=unstable_if action=reinterpret pc=0x0000000002e5dd70 method=java.util.Arrays.hashCode([Ljava/lang/Object;)I @ 1
Event: 2527.369 Thread 0x000000001d1c9800 Uncommon trap: reason=unstable_if action=reinterpret pc=0x0000000002e5dd70 method=java.util.Arrays.hashCode([Ljava/lang/Object;)I @ 1
Event: 2527.385 Thread 0x000000001d1c8800 Uncommon trap: reason=unstable_if action=reinterpret pc=0x0000000004d40b3c method=com.android.tools.r8.graph.DexString.slowCompareTo(Lcom/android/tools/r8/graph/DexString;)I @ 136
Event: 2527.387 Thread 0x000000001d1cb800 Uncommon trap: reason=unstable_if action=reinterpret pc=0x0000000003342950 method=com.android.tools.r8.it.unimi.dsi.fastutil.ints.Int2ObjectOpenHashMap.get(I)Ljava/lang/Object; @ 1
Event: 2527.561 Thread 0x000000001d1c8800 Uncommon trap: reason=unloaded action=reinterpret pc=0x00000000044920c0 method=com.android.tools.r8.dex.DexParser.parseEncodedValue()Lcom/android/tools/r8/graph/DexValue; @ 493

Classes redefined (0 events):
No events

Internal exceptions (10 events):
Event: 2519.194 Thread 0x000000001d1c8000 Exception <a 'sun/nio/fs/WindowsException'> (0x00000000e5c26e68) thrown at [D:\src\AOSP-openjdk-cygwin\jdk8u\hotspot\src\share\vm\prims\jni.cpp, line 710]
Event: 2519.194 Thread 0x000000001d1c9800 Exception <a 'sun/nio/fs/WindowsException'> (0x00000000e5b4cac8) thrown at [D:\src\AOSP-openjdk-cygwin\jdk8u\hotspot\src\share\vm\prims\jni.cpp, line 710]
Event: 2519.196 Thread 0x000000001d1c8000 Exception <a 'sun/nio/fs/WindowsException'> (0x00000000e5c2de68) thrown at [D:\src\AOSP-openjdk-cygwin\jdk8u\hotspot\src\share\vm\prims\jni.cpp, line 710]
Event: 2519.198 Thread 0x000000001d1c8000 Exception <a 'sun/nio/fs/WindowsException'> (0x00000000e5c33c88) thrown at [D:\src\AOSP-openjdk-cygwin\jdk8u\hotspot\src\share\vm\prims\jni.cpp, line 710]
Event: 2519.199 Thread 0x000000001d1c8000 Exception <a 'sun/nio/fs/WindowsException'> (0x00000000e5c39d20) thrown at [D:\src\AOSP-openjdk-cygwin\jdk8u\hotspot\src\share\vm\prims\jni.cpp, line 710]
Event: 2519.201 Thread 0x000000001d1c8000 Exception <a 'sun/nio/fs/WindowsException'> (0x00000000e5dbfc10) thrown at [D:\src\AOSP-openjdk-cygwin\jdk8u\hotspot\src\share\vm\prims\jni.cpp, line 710]
Event: 2527.079 Thread 0x000000001d1c7000 Exception <a 'sun/nio/fs/WindowsException'> (0x00000000e6708898) thrown at [D:\src\AOSP-openjdk-cygwin\jdk8u\hotspot\src\share\vm\prims\jni.cpp, line 710]
Event: 2527.369 Thread 0x000000001d1c8800 Implicit null exception at 0x0000000002e5dc6f to 0x0000000002e5dd61
Event: 2527.369 Thread 0x000000001d1cb800 Implicit null exception at 0x0000000002e5dc6f to 0x0000000002e5dd61
Event: 2527.369 Thread 0x000000001d1c9800 Implicit null exception at 0x0000000002e5dc6f to 0x0000000002e5dd61

Events (10 events):
Event: 2527.394 Executing VM operation: RevokeBias done
Event: 2527.426 loading class com/android/tools/r8/it/unimi/dsi/fastutil/ints/AbstractInt2IntFunction
Event: 2527.426 loading class com/android/tools/r8/it/unimi/dsi/fastutil/ints/AbstractInt2IntFunction done
Event: 2527.427 loading class com/android/tools/r8/it/unimi/dsi/fastutil/ints/Int2IntMap$FastEntrySet
Event: 2527.427 loading class com/android/tools/r8/it/unimi/dsi/fastutil/ints/Int2IntMap$FastEntrySet done
Event: 2527.427 loading class com/android/tools/r8/graph/DexCode$TryHandler$TypeAddrPair
Event: 2527.427 loading class com/android/tools/r8/graph/DexCode$TryHandler$TypeAddrPair done
Event: 2527.561 Thread 0x000000001d1c8800 Uncommon trap: trap_request=0x0000003d fr.pc=0x00000000044920c0
Event: 2527.561 Thread 0x000000001d1c8800 DEOPT PACKING pc=0x00000000044920c0 sp=0x000000002742e4f0
Event: 2527.561 Thread 0x000000001d1c8800 DEOPT UNPACKING pc=0x0000000002c8557b sp=0x000000002742e4a0 mode 2


Dynamic libraries:
0x00007ff6bd6c0000 - 0x00007ff6bd6f1000 	C:\Program Files\Android\Android Studio\jre\bin\java.exe
0x00007ffe3e5b0000 - 0x00007ffe3e79d000 	C:\WINDOWS\SYSTEM32\ntdll.dll
0x00007ffe3c170000 - 0x00007ffe3c223000 	C:\WINDOWS\System32\KERNEL32.DLL
0x00007ffe3ade0000 - 0x00007ffe3b073000 	C:\WINDOWS\System32\KERNELBASE.dll
0x00007ffe3dee0000 - 0x00007ffe3df83000 	C:\WINDOWS\System32\ADVAPI32.dll
0x00007ffe3c8e0000 - 0x00007ffe3c97e000 	C:\WINDOWS\System32\msvcrt.dll
0x00007ffe3e100000 - 0x00007ffe3e19e000 	C:\WINDOWS\System32\sechost.dll
0x00007ffe3c4d0000 - 0x00007ffe3c5f2000 	C:\WINDOWS\System32\RPCRT4.dll
0x00007ffe3e250000 - 0x00007ffe3e3e7000 	C:\WINDOWS\System32\USER32.dll
0x00007ffe3a670000 - 0x00007ffe3a690000 	C:\WINDOWS\System32\win32u.dll
0x00007ffe3c230000 - 0x00007ffe3c259000 	C:\WINDOWS\System32\GDI32.dll
0x00007ffe3b550000 - 0x00007ffe3b6e9000 	C:\WINDOWS\System32\gdi32full.dll
0x00007ffe3b4b0000 - 0x00007ffe3b550000 	C:\WINDOWS\System32\msvcp_win.dll
0x00007ffe3b260000 - 0x00007ffe3b35a000 	C:\WINDOWS\System32\ucrtbase.dll
0x00007ffe27d40000 - 0x00007ffe27fb9000 	C:\WINDOWS\WinSxS\amd64_microsoft.windows.common-controls_6595b64144ccf1df_6.0.17763.914_none_05b346b2072102f2\COMCTL32.dll
0x00007ffe3b890000 - 0x00007ffe3bbbc000 	C:\WINDOWS\System32\combase.dll
0x00007ffe3b430000 - 0x00007ffe3b4ae000 	C:\WINDOWS\System32\bcryptPrimitives.dll
0x00007ffe3e3f0000 - 0x00007ffe3e41e000 	C:\WINDOWS\System32\IMM32.DLL
0x0000000068b00000 - 0x0000000068bd2000 	C:\Program Files\Android\Android Studio\jre\jre\bin\msvcr100.dll
0x0000000068be0000 - 0x0000000069426000 	C:\Program Files\Android\Android Studio\jre\jre\bin\server\jvm.dll
0x00007ffe3c460000 - 0x00007ffe3c468000 	C:\WINDOWS\System32\PSAPI.DLL
0x00007ffe36950000 - 0x00007ffe36959000 	C:\WINDOWS\SYSTEM32\WSOCK32.dll
0x00007ffe3c600000 - 0x00007ffe3c66d000 	C:\WINDOWS\System32\WS2_32.dll
0x00007ffe37e40000 - 0x00007ffe37e64000 	C:\WINDOWS\SYSTEM32\WINMM.dll
0x00007ffe2cd80000 - 0x00007ffe2cd8a000 	C:\WINDOWS\SYSTEM32\VERSION.dll
0x00007ffe37e10000 - 0x00007ffe37e3d000 	C:\WINDOWS\SYSTEM32\winmmbase.dll
0x00007ffe3b750000 - 0x00007ffe3b79a000 	C:\WINDOWS\System32\cfgmgr32.dll
0x00007ffe36110000 - 0x00007ffe3611f000 	C:\Program Files\Android\Android Studio\jre\jre\bin\verify.dll
0x00007ffe316b0000 - 0x00007ffe316d9000 	C:\Program Files\Android\Android Studio\jre\jre\bin\java.dll
0x00007ffe32a10000 - 0x00007ffe32a26000 	C:\Program Files\Android\Android Studio\jre\jre\bin\zip.dll
0x00007ffe3c9e0000 - 0x00007ffe3ded4000 	C:\WINDOWS\System32\SHELL32.dll
0x00007ffe3c830000 - 0x00007ffe3c8d8000 	C:\WINDOWS\System32\shcore.dll
0x00007ffe3a690000 - 0x00007ffe3addd000 	C:\WINDOWS\System32\windows.storage.dll
0x00007ffe3a600000 - 0x00007ffe3a624000 	C:\WINDOWS\System32\profapi.dll
0x00007ffe3a5a0000 - 0x00007ffe3a5fd000 	C:\WINDOWS\System32\powrprof.dll
0x00007ffe3b830000 - 0x00007ffe3b882000 	C:\WINDOWS\System32\shlwapi.dll
0x00007ffe3a630000 - 0x00007ffe3a641000 	C:\WINDOWS\System32\kernel.appcore.dll
0x00007ffe3b410000 - 0x00007ffe3b427000 	C:\WINDOWS\System32\cryptsp.dll
0x00007ffe312d0000 - 0x00007ffe312ea000 	C:\Program Files\Android\Android Studio\jre\jre\bin\net.dll
0x00007ffe39db0000 - 0x00007ffe39e17000 	C:\WINDOWS\system32\mswsock.dll
0x00007ffe2dac0000 - 0x00007ffe2dad1000 	C:\Program Files\Android\Android Studio\jre\jre\bin\nio.dll
0x00007ffe2ab60000 - 0x00007ffe2ab7e000 	C:\Users\Meliodas\.gradle\native\25\windows-amd64\native-platform.dll
0x00007ffe36030000 - 0x00007ffe3603d000 	C:\Program Files\Android\Android Studio\jre\jre\bin\management.dll
0x00007ffe39930000 - 0x00007ffe39963000 	C:\WINDOWS\system32\rsaenh.dll
0x00007ffe3b7a0000 - 0x00007ffe3b7c6000 	C:\WINDOWS\System32\bcrypt.dll
0x00007ffe3a4a0000 - 0x00007ffe3a4c8000 	C:\WINDOWS\SYSTEM32\USERENV.dll
0x00007ffe39fe0000 - 0x00007ffe39fec000 	C:\WINDOWS\SYSTEM32\CRYPTBASE.dll
0x00007ffe39ad0000 - 0x00007ffe39b0d000 	C:\WINDOWS\SYSTEM32\IPHLPAPI.DLL
0x00007ffe3c260000 - 0x00007ffe3c268000 	C:\WINDOWS\System32\NSI.dll
0x00007ffe329f0000 - 0x00007ffe32a06000 	C:\WINDOWS\SYSTEM32\dhcpcsvc6.DLL
0x00007ffe32a50000 - 0x00007ffe32a6c000 	C:\WINDOWS\SYSTEM32\dhcpcsvc.DLL
0x00007ffe39b20000 - 0x00007ffe39be6000 	C:\WINDOWS\SYSTEM32\DNSAPI.dll

VM Arguments:
jvm_args: -Xmx1536m -Dfile.encoding=windows-1252 -Duser.country=VN -Duser.language=vi -Duser.variant 
java_command: org.gradle.launcher.daemon.bootstrap.GradleDaemon 5.1.1
java_class_path (initial): C:\Users\Meliodas\.gradle\wrapper\dists\gradle-5.1.1-all\97z1ksx6lirer3kbvdnh7jtjg\gradle-5.1.1\lib\gradle-launcher-5.1.1.jar
Launcher Type: SUN_STANDARD

Environment Variables:
JAVA_HOME=C:\Program Files\Java\jdk-12.0.2
PATH=C:\Program Files\Microsoft MPI\Bin\;C:\Program Files\Java\jdk-12.0.2;C:\WINDOWS;C:\WINDOWS\System32\Wbem;C:\WINDOWS\System32\WindowsPowerShell\v1.0\;C:\WINDOWS\System32\OpenSSH\;C:\Program Files\dotnet\;C:\Program Files\Microsoft SQL Server\130\Tools\Binn\;%JAVA_HOME%\bin\;C:\Program Files\Microsoft SQL Server\Client SDK\ODBC\130\Tools\Binn\;C:\Program Files (x86)\Microsoft SQL Server\140\Tools\Binn\;C:\Program Files\Microsoft SQL Server\140\Tools\Binn\;C:\Program Files\Microsoft SQL Server\140\DTS\Binn\;C:\Program Files (x86)\Microsoft SQL Server\140\DTS\Binn\;C:\flutter\bin;C:\Windows\System32;C:\Program Files\nodejs\;C:\Users\Meliodas\AppData\Local\Microsoft\WindowsApps;C:\Users\Meliodas\AppData\Local\Programs\Microsoft VS Code\bin;C:\Users\Meliodas\Desktop\flutter_windows_v1.12.13+hotfix.5-stable\flutter\bin;C:\flutter\bin;C:\Windows\System32;C:\Users\Meliodas\AppData\Roaming\npm
USERNAME=Meliodas
OS=Windows_NT
PROCESSOR_IDENTIFIER=Intel64 Family 6 Model 142 Stepping 9, GenuineIntel



---------------  S Y S T E M  ---------------

OS: Windows 10.0 , 64 bit Build 17763 (10.0.17763.475)

CPU:total 4 (initial active 4) (2 cores per cpu, 2 threads per core) family 6 model 142 stepping 9, cmov, cx8, fxsr, mmx, sse, sse2, sse3, ssse3, sse4.1, sse4.2, popcnt, avx, avx2, aes, clmul, erms, 3dnowpref, lzcnt, ht, tsc, tscinvbit, bmi1, bmi2, adx

Memory: 4k page, physical 8185260k(590104k free), swap 13403564k(5228k free)

vm_info: OpenJDK 64-Bit Server VM (25.202-b03) for windows-amd64 JRE (1.8.0_202-release-1483-b03), built by "builder" with MS VC++ 10.0 (VS2010)

time: Thu Jan 02 19:12:46 2020
timezone: SE Asia Standard Time
elapsed time: 2527 seconds (0d 0h 42m 7s)

